<?xml version="1.0" encoding="UTF-8"?>
<!-- Generated by org.testng.reporters.JUnitReportReporter -->
<testsuite hostname="DESKTOP-0I8AHN0" failures="0" tests="1" name="com.juaracoding.restassured.kuis.TestPatch" time="3.996" errors="0" timestamp="2022-08-28T22:35:27 WIB" skipped="0">
  <testcase classname="com.juaracoding.restassured.kuis.TestPatch" name="testPatch" time="3.996"/>
  <system-out/>
</testsuite> <!-- com.juaracoding.restassured.kuis.TestPatch -->
