<?xml version="1.0" encoding="UTF-8"?>
<!-- Generated by org.testng.reporters.JUnitReportReporter -->
<testsuite hostname="DESKTOP-0I8AHN0" failures="0" tests="1" name="com.juaracoding.restassured.TestCRUD" time="3.229" errors="0" timestamp="2022-08-28T21:32:20 WIB" skipped="0">
  <testcase classname="com.juaracoding.restassured.TestCRUD" name="testPut" time="3.229"/>
  <system-out/>
</testsuite> <!-- com.juaracoding.restassured.TestCRUD -->
