<?xml version="1.0" encoding="UTF-8"?>
<!-- Generated by org.testng.reporters.JUnitReportReporter -->
<testsuite hostname="DESKTOP-0I8AHN0" failures="0" tests="3" name="com.juaracoding.restassured.TestGetAllUser" time="2.715" errors="0" timestamp="2022-08-28T09:23:09 WIB" skipped="0">
  <testcase classname="com.juaracoding.restassured.TestGetAllUser" name="testIdOne" time="1.495"/>
  <system-out/>
  <testcase classname="com.juaracoding.restassured.TestGetAllUser" name="testIdTwo" time="0.456"/>
  <system-out/>
  <testcase classname="com.juaracoding.restassured.TestGetAllUser" name="testStatusCode" time="0.764"/>
  <system-out/>
</testsuite> <!-- com.juaracoding.restassured.TestGetAllUser -->
